<?xml version="1.0" encoding="UTF-8"?>
<!-- Generated by org.testng.reporters.JUnitReportReporter -->
<testsuite hostname="Sanjaypc" failures="0" tests="1" name="com.ecom.testcases.RegistrationTest" time="11.827" errors="0" timestamp="2025-10-30T12:44:52 IST" skipped="0">
  <testcase classname="com.ecom.testcases.RegistrationTest" name="registrationtest" time="11.827"/>
</testsuite> <!-- com.ecom.testcases.RegistrationTest -->
