<?xml version="1.0" encoding="UTF-8"?>
<!-- Generated by org.testng.reporters.JUnitReportReporter -->
<testsuite hostname="Sanjaypc" failures="0" tests="1" name="com.ecom.testcases.RegistrationTest" time="10.197" errors="0" timestamp="2025-10-30T11:38:24 IST" skipped="0">
  <testcase classname="com.ecom.testcases.RegistrationTest" name="registrationtest" time="10.197"/>
</testsuite> <!-- com.ecom.testcases.RegistrationTest -->
