<?xml version="1.0" encoding="UTF-8"?>
<!-- Generated by org.testng.reporters.JUnitReportReporter -->
<testsuite hostname="Sanjaypc" failures="0" tests="1" name="com.ecom.testcases.LoginTest" time="4.096" errors="0" timestamp="2025-09-18T17:57:11 IST" skipped="0">
  <testcase classname="com.ecom.testcases.LoginTest" name="logintest" time="4.096"/>
</testsuite> <!-- com.ecom.testcases.LoginTest -->
